0 info it worked if it ends with ok
1 verbose cli [ 'node', '/usr/local/bin/npm', 'install', 'recorderjs' ]
2 info using npm@2.3.0
3 info using node@v0.10.36
4 verbose node symlink /usr/local/bin/node
5 warn package.json soundboard-test@0.0.0 No description
6 warn package.json soundboard-test@0.0.0 No repository field.
7 warn package.json soundboard-test@0.0.0 No README data
8 warn package.json gulp-minify-css@1.2.3 No repository field.
9 silly cache add args [ 'recorderjs', null ]
10 verbose cache add spec recorderjs
11 silly cache add parsed spec { raw: 'recorderjs',
11 silly cache add   scope: null,
11 silly cache add   name: 'recorderjs',
11 silly cache add   rawSpec: '',
11 silly cache add   spec: '*',
11 silly cache add   type: 'range' }
12 verbose addNamed recorderjs@*
13 silly addNamed semver.valid null
14 silly addNamed semver.validRange *
15 silly addNameRange { name: 'recorderjs', range: '*', hasData: false }
16 silly mapToRegistry name recorderjs
17 silly mapToRegistry using default registry
18 silly mapToRegistry registry https://registry.npmjs.org/
19 silly mapToRegistry uri https://registry.npmjs.org/recorderjs
20 verbose addNameRange registry:https://registry.npmjs.org/recorderjs not in flight; fetching
21 verbose request uri https://registry.npmjs.org/recorderjs
22 verbose request no auth needed
23 info attempt registry request try #1 at 17:39:34
24 verbose request id 866c89086cffc4c5
25 verbose etag "7AZU3KPBMXJIOPPENBCTG7YCK"
26 http request GET https://registry.npmjs.org/recorderjs
27 http 304 https://registry.npmjs.org/recorderjs
28 silly get cb [ 304,
28 silly get   { date: 'Tue, 02 Feb 2016 22:39:35 GMT',
28 silly get     via: '1.1 varnish',
28 silly get     'cache-control': 'max-age=300',
28 silly get     etag: '"7AZU3KPBMXJIOPPENBCTG7YCK"',
28 silly get     age: '117',
28 silly get     connection: 'keep-alive',
28 silly get     'x-served-by': 'cache-atl6225-ATL',
28 silly get     'x-cache': 'HIT',
28 silly get     'x-cache-hits': '1',
28 silly get     'x-timer': 'S1454452775.216550,VS0,VE0',
28 silly get     vary: 'Accept' } ]
29 verbose etag https://registry.npmjs.org/recorderjs from cache
30 silly addNameRange number 2 { name: 'recorderjs', range: '*', hasData: true }
31 silly addNameRange versions [ 'recorderjs', [ '1.0.0', '1.0.1' ] ]
32 verbose addNamed recorderjs@1.0.1
33 silly addNamed semver.valid 1.0.1
34 silly addNamed semver.validRange 1.0.1
35 silly cache afterAdd recorderjs@1.0.1
36 verbose afterAdd /Users/ewillenson/.npm/recorderjs/1.0.1/package/package.json not in flight; writing
37 verbose afterAdd /Users/ewillenson/.npm/recorderjs/1.0.1/package/package.json written
38 silly install resolved [ { name: 'recorderjs',
38 silly install resolved     version: '1.0.1',
38 silly install resolved     description: 'Record audio from a node in the Web Audio API',
38 silly install resolved     main: 'recorder.js',
38 silly install resolved     scripts: { test: 'echo "Everything is fine"' },
38 silly install resolved     browserify: { transform: 'workerify' },
38 silly install resolved     repository:
38 silly install resolved      { type: 'git',
38 silly install resolved        url: 'https://github.com/jergason/Recorderjs.git' },
38 silly install resolved     keywords: [ 'web-audio-api', 'record', 'browserify' ],
38 silly install resolved     author:
38 silly install resolved      { name: 'Jamison Dance',
38 silly install resolved        email: 'jergason@gmail.com',
38 silly install resolved        url: 'http://jamisondance.com' },
38 silly install resolved     license: 'MIT',
38 silly install resolved     bugs: { url: 'https://github.com/jergason/Recorderjs/issues' },
38 silly install resolved     homepage: 'https://github.com/jergason/Recorderjs',
38 silly install resolved     peerDependencies: { browserify: '^5.11.1', workerify: '^0.3.0' },
38 silly install resolved     dependencies: {},
38 silly install resolved     gitHead: '6462464e4c7f1d600ff5528a114462085206443c',
38 silly install resolved     _id: 'recorderjs@1.0.1',
38 silly install resolved     _shasum: 'f8211a0f90bdcdcfa2f431a597b6cb94a1b93571',
38 silly install resolved     _from: 'recorderjs@*',
38 silly install resolved     _npmVersion: '1.4.23',
38 silly install resolved     _npmUser: { name: 'jergason', email: 'jergason@gmail.com' },
38 silly install resolved     maintainers: [ [Object] ],
38 silly install resolved     dist:
38 silly install resolved      { shasum: 'f8211a0f90bdcdcfa2f431a597b6cb94a1b93571',
38 silly install resolved        tarball: 'http://registry.npmjs.org/recorderjs/-/recorderjs-1.0.1.tgz' },
38 silly install resolved     directories: {},
38 silly install resolved     _resolved: 'https://registry.npmjs.org/recorderjs/-/recorderjs-1.0.1.tgz',
38 silly install resolved     readme: 'ERROR: No README data found!' } ]
39 info install recorderjs@1.0.1 into /Users/ewillenson/work/soundboard
40 info installOne recorderjs@1.0.1
41 verbose installOne of recorderjs to /Users/ewillenson/work/soundboard not in flight; installing
42 verbose lock using /Users/ewillenson/.npm/_locks/recorderjs-c61284fbd3399a94.lock for /Users/ewillenson/work/soundboard/node_modules/recorderjs
43 silly install write writing recorderjs 1.0.1 to /Users/ewillenson/work/soundboard/node_modules/recorderjs
44 silly cache addNamed cb recorderjs@1.0.1
45 verbose unbuild node_modules/recorderjs
46 info preuninstall recorderjs@1.0.1
47 info uninstall recorderjs@1.0.1
48 verbose unbuild rmStuff recorderjs@1.0.1 from /Users/ewillenson/work/soundboard/node_modules
49 info postuninstall recorderjs@1.0.1
50 verbose gentlyRm vacuuming /Users/ewillenson/work/soundboard/node_modules/recorderjs
51 silly gentlyRm purging /Users/ewillenson/work/soundboard/node_modules/recorderjs
52 silly gentlyRm quitting because other entries in /Users/ewillenson/work/soundboard/node_modules
53 verbose tar unpack /Users/ewillenson/.npm/recorderjs/1.0.1/package.tgz
54 verbose tar unpacking to /Users/ewillenson/work/soundboard/node_modules/recorderjs
55 verbose gentlyRm vacuuming /Users/ewillenson/work/soundboard/node_modules/recorderjs
56 silly gunzTarPerm modes [ '755', '644' ]
57 silly gunzTarPerm extractEntry package.json
58 silly gunzTarPerm extractEntry .npmignore
59 silly gunzTarPerm extractEntry README.md
60 silly gunzTarPerm extractEntry recorder.js
61 silly gunzTarPerm extractEntry recorderWorker.js
62 silly gunzTarPerm extractEntry CHANGELOG.md
63 silly gunzTarPerm extractEntry example_simple_exportwav.html
64 info preinstall recorderjs@1.0.1
65 silly prepareForInstallMany adding browserify@^5.11.1 from recorderjs peerDependencies
66 silly install resolved []
67 verbose about to build /Users/ewillenson/work/soundboard/node_modules/recorderjs
68 info build /Users/ewillenson/work/soundboard/node_modules/recorderjs
69 verbose linkStuff [ false,
69 verbose linkStuff   false,
69 verbose linkStuff   false,
69 verbose linkStuff   '/Users/ewillenson/work/soundboard/node_modules' ]
70 info linkStuff recorderjs@1.0.1
71 verbose linkBins recorderjs@1.0.1
72 verbose linkMans recorderjs@1.0.1
73 verbose rebuildBundles recorderjs@1.0.1
74 info install recorderjs@1.0.1
75 info postinstall recorderjs@1.0.1
76 verbose already installed skipping browserify@^5.11.1 /Users/ewillenson/work/soundboard
77 silly install resolved []
78 verbose unlock done using /Users/ewillenson/.npm/_locks/recorderjs-c61284fbd3399a94.lock for /Users/ewillenson/work/soundboard/node_modules/recorderjs
79 warn unmet dependency /Users/ewillenson/work/soundboard/node_modules/babel-core/node_modules/babel-register/node_modules/source-map-support requires source-map@'0.1.32' but will load
79 warn unmet dependency /Users/ewillenson/work/soundboard/node_modules/babel-core/node_modules/source-map,
79 warn unmet dependency which is version 0.5.3
80 warn unmet dependency /Users/ewillenson/work/soundboard/node_modules/gulp/node_modules/vinyl-fs/node_modules/mkdirp requires minimist@'0.0.8' but will load
80 warn unmet dependency /Users/ewillenson/work/soundboard/node_modules/gulp/node_modules/minimist,
80 warn unmet dependency which is version 1.2.0
81 warn unmet dependency /Users/ewillenson/work/soundboard/node_modules/gulp-minify-css/node_modules/vinyl-bufferstream/node_modules/bufferstreams requires readable-stream@'^1.0.33' but will load
81 warn unmet dependency /Users/ewillenson/work/soundboard/node_modules/gulp-minify-css/node_modules/readable-stream,
81 warn unmet dependency which is version 2.0.5
82 verbose stack Error: The package browserify does not satisfy its siblings' peerDependencies requirements!
82 verbose stack     at /usr/local/lib/node_modules/npm/lib/install.js:103:32
82 verbose stack     at /usr/local/lib/node_modules/npm/lib/install.js:225:5
82 verbose stack     at /usr/local/lib/node_modules/npm/node_modules/read-installed/read-installed.js:138:5
82 verbose stack     at /usr/local/lib/node_modules/npm/node_modules/read-installed/read-installed.js:251:14
82 verbose stack     at cb (/usr/local/lib/node_modules/npm/node_modules/slide/lib/async-map.js:47:24)
82 verbose stack     at /usr/local/lib/node_modules/npm/node_modules/read-installed/read-installed.js:251:14
82 verbose stack     at cb (/usr/local/lib/node_modules/npm/node_modules/slide/lib/async-map.js:47:24)
82 verbose stack     at /usr/local/lib/node_modules/npm/node_modules/read-installed/read-installed.js:251:14
82 verbose stack     at cb (/usr/local/lib/node_modules/npm/node_modules/slide/lib/async-map.js:47:24)
82 verbose stack     at /usr/local/lib/node_modules/npm/node_modules/read-installed/read-installed.js:251:14
83 verbose cwd /Users/ewillenson/work/soundboard/scripts
84 error Darwin 14.4.0
85 error argv "node" "/usr/local/bin/npm" "install" "recorderjs"
86 error node v0.10.36
87 error npm  v2.3.0
88 error code EPEERINVALID
89 error peerinvalid The package browserify does not satisfy its siblings' peerDependencies requirements!
89 error peerinvalid Peer recorderjs@1.0.1 wants browserify@^5.11.1
90 verbose exit [ 1, true ]
